2020-10-02 04:21:27,2020-10-02 04:22:30,b2793dec81d24496bbad171c74dfc965,0dc56f246ec14c92ba85a0239a5862d9,cloudcompute07_hpc,f8fa0b47-fcfc-432f-b694-8d3ddad0fb93,dual-c,4,deleted,8192
2020-09-17 09:50:00,2020-09-22 04:11:30,b2793dec81d24496bbad171c74dfc965,0dc56f246ec14c92ba85a0239a5862d9,self-instance1,4d2a4c1e-b96c-4dfd-8a43-57e49fd1f19d,dual-c,4,deleted,8192
2020-09-21 07:31:58,2020-09-21 07:48:46,b2793dec81d24496bbad171c74dfc965,0dc56f246ec14c92ba85a0239a5862d9,self-cloudinit,411d3ed0-1e91-4135-8aa3-e528f2a8d233,dual-c,4,deleted,8192
2020-09-17 07:38:42,2020-09-17 09:47:32,b2793dec81d24496bbad171c74dfc965,0dc56f246ec14c92ba85a0239a5862d9,self-instance1,8d999a35-44c7-4785-b515-be99998d702e,dual-a,4,deleted,8192
2020-09-17 09:49:26,2020-09-22 04:11:30,b2793dec81d24496bbad171c74dfc965,0dc56f246ec14c92ba85a0239a5862d9,self-instance3,f5a4aecb-3618-419e-bb44-4ae3134bf58e,dual-c,4,deleted,8192
2020-09-22 04:13:54,,b2793dec81d24496bbad171c74dfc965,0dc56f246ec14c92ba85a0239a5862d9,cloudcompute02_hpc,b8419a9a-0a5a-4206-9228-69d7cee49569,dual-a,4,active,8192
2020-09-17 09:49:48,2020-09-22 04:11:30,b2793dec81d24496bbad171c74dfc965,0dc56f246ec14c92ba85a0239a5862d9,self-instance2,eb384153-4e67-4c7c-87be-fc9f488d5ded,dual-c,4,deleted,8192
2020-09-21 07:14:46,2020-09-21 07:30:12,b2793dec81d24496bbad171c74dfc965,0dc56f246ec14c92ba85a0239a5862d9,self-cloudinit,e5f93fe2-e4bd-47ec-9411-cd2d7332ad37,dual-c,4,deleted,8192
2020-09-22 04:16:06,,b2793dec81d24496bbad171c74dfc965,0dc56f246ec14c92ba85a0239a5862d9,cloudcompute05_hpc,657d1054-cd14-4845-a3da-830c3b86648a,dual-c,4,active,8192
2020-09-22 04:16:28,,b2793dec81d24496bbad171c74dfc965,0dc56f246ec14c92ba85a0239a5862d9,cloudcompute06_hpc,6002261d-e972-4189-8f28-aadc6fa50549,dual-c,4,active,8192
2020-09-18 04:30:51,2020-09-21 10:00:22,b2793dec81d24496bbad171c74dfc965,0dc56f246ec14c92ba85a0239a5862d9,self-instance5,f5f1d320-2bef-4577-bd7c-cac7f8eba62f,dual-c,4,deleted,8192
2020-09-21 08:14:00,2020-09-21 09:02:34,b2793dec81d24496bbad171c74dfc965,0dc56f246ec14c92ba85a0239a5862d9,self-cloudinit,3cc4998d-2742-44eb-9b46-e74d7aa6ed36,dual-c,4,deleted,8192
2020-09-22 04:15:46,,b2793dec81d24496bbad171c74dfc965,0dc56f246ec14c92ba85a0239a5862d9,cloudcompute04_hpc,b5d0cefe-ab2c-4d23-a36e-a3cd08dd03fb,dual-c,4,active,8192
2020-09-17 09:49:55,2020-09-21 10:00:22,b2793dec81d24496bbad171c74dfc965,0dc56f246ec14c92ba85a0239a5862d9,self-instanceq,b2c86f43-fad2-4890-93a8-a42b8f51e448,dual-a,4,deleted,8192
2020-09-18 04:21:21,2020-09-21 10:00:39,b2793dec81d24496bbad171c74dfc965,0dc56f246ec14c92ba85a0239a5862d9,self-instance4,7667ef6f-0a1f-4d36-8ef6-f9e7378f8db9,dual-c,4,deleted,8192
2020-09-22 04:13:31,,b2793dec81d24496bbad171c74dfc965,0dc56f246ec14c92ba85a0239a5862d9,cloudcompute01_hpc,bfd051e7-36d5-4689-ac35-e76790d83924,dual-c,4,active,8192
2020-09-21 09:08:05,2020-09-22 04:12:34,b2793dec81d24496bbad171c74dfc965,0dc56f246ec14c92ba85a0239a5862d9,cloudcompute01_hpc,7d14aac4-7dd0-4d1d-a3a6-69597cc512d1,dual-c,4,deleted,8192
2020-09-21 07:08:04,2020-09-21 07:12:16,b2793dec81d24496bbad171c74dfc965,0dc56f246ec14c92ba85a0239a5862d9,self-cloudinit,507a9760-3754-4d4b-9e15-7d1f074a5639,dual-c,4,deleted,8192
2020-09-22 04:15:21,,b2793dec81d24496bbad171c74dfc965,0dc56f246ec14c92ba85a0239a5862d9,cloudcompute03_hpc,f0bde50b-5183-481c-a29a-0249c4dc3cfe,dual-c,4,active,8192
2020-09-17 07:35:39,2020-09-17 07:38:08,b2793dec81d24496bbad171c74dfc965,0dc56f246ec14c92ba85a0239a5862d9,self-instance3,eb2cb529-6153-4c6c-ab1e-1a4c3231e9c8,dual-c,4,deleted,8192
2020-09-17 07:35:45,2020-09-17 07:38:07,b2793dec81d24496bbad171c74dfc965,0dc56f246ec14c92ba85a0239a5862d9,self-instance3,a9dc8d7b-1de2-4e4c-8bf4-aeea717ad58c,dual-a,4,deleted,8192
2020-09-17 07:38:32,2020-09-17 09:47:31,b2793dec81d24496bbad171c74dfc965,0dc56f246ec14c92ba85a0239a5862d9,self-instance2,5dfa6af1-cef2-4e76-a63e-b1746d8c7ab7,dual-c,4,deleted,8192
2020-09-17 09:46:05,2020-09-17 09:47:30,b2793dec81d24496bbad171c74dfc965,0dc56f246ec14c92ba85a0239a5862d9,self-instance3,d489c284-d5e9-4b27-b324-bbb8c55f65bb,dual-c,4,deleted,8192
2020-09-21 07:49:04,2020-09-21 08:13:38,b2793dec81d24496bbad171c74dfc965,0dc56f246ec14c92ba85a0239a5862d9,self-cloudinit,22954d07-8e40-4d89-b53f-b7191aab514b,dual-c,4,deleted,8192
2020-09-17 06:51:35,2020-09-17 06:52:21,b2793dec81d24496bbad171c74dfc965,0dc56f246ec14c92ba85a0239a5862d9,self-instance3,bf755e12-cbd8-47fa-8ac3-f49100d6a8d7,,4,deleted,8192
2020-09-16 09:53:35,2020-09-16 10:04:56,b2793dec81d24496bbad171c74dfc965,0dc56f246ec14c92ba85a0239a5862d9,self-instance2,9e49e1ad-0d8a-4fa3-aa98-ee098ec27340,dual-c,4,deleted,8192
2020-09-17 07:13:14,2020-09-17 07:16:06,b2793dec81d24496bbad171c74dfc965,0dc56f246ec14c92ba85a0239a5862d9,self-instance3,869d9a2e-3046-4c14-bad9-c3b28381ddf2,,4,deleted,8192
2020-09-17 07:16:13,2020-09-17 07:22:22,b2793dec81d24496bbad171c74dfc965,0dc56f246ec14c92ba85a0239a5862d9,self-instance3,c9f9286d-1111-4ca5-b950-988ea31c9974,,4,deleted,8192
2020-09-17 07:23:03,2020-09-17 07:38:11,b2793dec81d24496bbad171c74dfc965,0dc56f246ec14c92ba85a0239a5862d9,self-instance3,c6f741f1-104d-45af-bce0-a3f7e88892ef,dual-c,4,deleted,8192
2020-09-17 06:53:46,2020-09-17 07:08:30,b2793dec81d24496bbad171c74dfc965,0dc56f246ec14c92ba85a0239a5862d9,self-instance3,7726164c-a29d-4966-a614-50111763d17e,,4,deleted,8192
2020-09-17 07:29:06,2020-09-17 07:38:10,b2793dec81d24496bbad171c74dfc965,0dc56f246ec14c92ba85a0239a5862d9,self-instance3,a466dd1d-6dcd-415c-adae-d616d65e7076,dual-c,4,deleted,8192
2020-09-17 07:29:13,2020-09-17 07:38:09,b2793dec81d24496bbad171c74dfc965,0dc56f246ec14c92ba85a0239a5862d9,self-instance3,3080ce3b-bb1c-4bb9-9b88-eec2eb7fff76,dual-a,4,deleted,8192
2020-09-17 07:35:32,2020-09-17 07:38:09,b2793dec81d24496bbad171c74dfc965,0dc56f246ec14c92ba85a0239a5862d9,self-instance3,13454d56-41fd-470b-9caf-71acb36d3a6b,dual-c,4,deleted,8192
2020-09-17 06:52:59,2020-09-17 07:08:32,b2793dec81d24496bbad171c74dfc965,0dc56f246ec14c92ba85a0239a5862d9,self-instance3,19ee7898-8088-4121-9a2f-2bd78a075afe,dual-a,4,deleted,8192
2020-09-16 10:42:50,2020-09-17 06:52:21,b2793dec81d24496bbad171c74dfc965,0dc56f246ec14c92ba85a0239a5862d9,self-instance2,0d46b31c-0ab6-4900-99c6-f4c8f4af1f67,dual-d,4,deleted,8192
2020-09-16 09:37:08,2020-09-17 06:52:22,b2793dec81d24496bbad171c74dfc965,0dc56f246ec14c92ba85a0239a5862d9,self-instance1,9d485a7b-0fbc-4adc-a412-55015faa47df,dual-a,4,deleted,8192
2020-09-17 07:12:23,2020-09-17 07:22:25,b2793dec81d24496bbad171c74dfc965,0dc56f246ec14c92ba85a0239a5862d9,self-instance3,93d89c7c-9eae-47c5-8dca-461de7baa39a,dual-a,4,deleted,8192
2020-09-17 06:52:29,2020-09-17 07:08:32,b2793dec81d24496bbad171c74dfc965,0dc56f246ec14c92ba85a0239a5862d9,self-instance3,b0ae5de8-f089-48dd-bb69-fc39945df903,dual-c,4,deleted,8192
2020-09-17 07:12:32,2020-09-17 07:22:25,b2793dec81d24496bbad171c74dfc965,0dc56f246ec14c92ba85a0239a5862d9,self-instance3,76aa252c-c639-42a9-893f-70ae5a63e265,dual-a,4,deleted,8192
2020-09-16 10:05:08,2020-09-16 10:22:13,b2793dec81d24496bbad171c74dfc965,0dc56f246ec14c92ba85a0239a5862d9,self-instance2,7a627da9-1924-495c-aca4-5f352dafa3f7,dual-d,4,deleted,8192
2020-09-17 07:22:34,2020-09-17 07:38:11,b2793dec81d24496bbad171c74dfc965,0dc56f246ec14c92ba85a0239a5862d9,self-instance3,b56502f4-4165-4cb6-a54a-0c8bd208dec2,dual-c,4,deleted,8192
2020-09-16 09:13:22,2020-09-16 09:20:40,b2793dec81d24496bbad171c74dfc965,0dc56f246ec14c92ba85a0239a5862d9,self-instance1,dd364c74-099a-489b-8b29-dbcd2fd7d9a4,dual-a,4,deleted,8192
2020-09-17 07:23:21,2020-09-17 07:27:20,b2793dec81d24496bbad171c74dfc965,0dc56f246ec14c92ba85a0239a5862d9,self-instance3,80aa6f2b-3397-418a-bcaf-d925b945da20,,4,deleted,8192
2020-09-17 07:27:31,2020-09-17 07:38:11,b2793dec81d24496bbad171c74dfc965,0dc56f246ec14c92ba85a0239a5862d9,self-instance3,9378ec77-0c3b-4d4f-95ab-74ac0522a7f3,dual-c,4,deleted,8192
2020-09-17 07:35:00,2020-09-17 07:38:10,b2793dec81d24496bbad171c74dfc965,0dc56f246ec14c92ba85a0239a5862d9,self-instance3,d891bafe-4bda-44ef-b1a0-c43fb0c6873b,dual-c,4,deleted,8192
2020-09-17 07:35:07,2020-09-17 07:38:09,b2793dec81d24496bbad171c74dfc965,0dc56f246ec14c92ba85a0239a5862d9,self-instance3,d5ac556b-adb0-4197-911e-1bb673845c52,dual-c,4,deleted,8192
2020-09-16 08:40:57,2020-09-16 09:07:44,b2793dec81d24496bbad171c74dfc965,0dc56f246ec14c92ba85a0239a5862d9,self-instance1,c6686052-c157-4378-80ac-98941a2943d4,dual-a,4,deleted,8192
2020-09-14 12:34:30,2020-09-14 12:35:29,b2793dec81d24496bbad171c74dfc965,0dc56f246ec14c92ba85a0239a5862d9,self-instance,0a12ec0e-fdc5-4c00-9f93-85df3517463b,dual-a,4,deleted,8192
2020-09-11 09:17:35,2020-09-11 09:23:29,b2793dec81d24496bbad171c74dfc965,0dc56f246ec14c92ba85a0239a5862d9,self-instance,05bf548d-3f90-444b-a78b-e5e1c3cfa2e6,bchs68,1,deleted,64
2020-09-16 05:48:32,2020-09-16 05:55:46,b2793dec81d24496bbad171c74dfc965,0dc56f246ec14c92ba85a0239a5862d9,self-instance3,50192676-4c6a-4b74-9ff3-d135d178aae3,,4,deleted,8192
2020-09-11 08:28:23,2020-09-11 08:29:20,b2793dec81d24496bbad171c74dfc965,0dc56f246ec14c92ba85a0239a5862d9,provider-instance,edc13df7-a77c-4dd1-a3c4-2902b5f93889,bchs68,1,deleted,64
2020-09-14 12:37:08,2020-09-16 04:04:31,b2793dec81d24496bbad171c74dfc965,0dc56f246ec14c92ba85a0239a5862d9,self-instance,34fd06a8-8ea6-4a3f-beaa-ab8041524f17,dual-c,4,deleted,8192
2020-09-16 05:18:20,2020-09-16 08:26:21,b2793dec81d24496bbad171c74dfc965,0dc56f246ec14c92ba85a0239a5862d9,self-instance3,4a51c014-b99a-413f-8012-33ec0fa40a02,dual-a,4,deleted,8192
2020-09-16 04:44:26,2020-09-16 05:17:36,b2793dec81d24496bbad171c74dfc965,0dc56f246ec14c92ba85a0239a5862d9,self-instance1,c14cb2e3-fb58-49d5-8fe8-dab9edfb92aa,dual-d,4,deleted,8192
2020-09-16 05:56:43,2020-09-16 06:04:49,b2793dec81d24496bbad171c74dfc965,0dc56f246ec14c92ba85a0239a5862d9,self-instance3,058aed95-2fd5-45f4-adf1-782e44618631,,4,deleted,8192
2020-09-11 08:48:03,2020-09-11 08:48:59,b2793dec81d24496bbad171c74dfc965,0dc56f246ec14c92ba85a0239a5862d9,provider-instance,134ee2d8-7543-4bf6-be25-e04a92ce4a0e,bchs68,1,deleted,64
2020-09-14 12:37:59,2020-09-14 12:43:31,b2793dec81d24496bbad171c74dfc965,0dc56f246ec14c92ba85a0239a5862d9,self-instance,d2347d8e-1ac4-4f2a-a4b8-13019eb54a09,,4,deleted,8192
2020-09-16 05:38:58,2020-09-16 08:26:20,b2793dec81d24496bbad171c74dfc965,0dc56f246ec14c92ba85a0239a5862d9,self-instance3,b0de3a0b-be69-4ae6-b472-bc4ff9c19e42,dual-a,4,deleted,8192
2020-09-16 04:45:08,2020-09-16 05:17:35,b2793dec81d24496bbad171c74dfc965,0dc56f246ec14c92ba85a0239a5862d9,self-instance2,fb2a3975-cff4-4ec1-bfde-17758fa8e0b2,dual-a,4,deleted,8192
2020-09-16 06:04:59,2020-09-16 08:26:18,b2793dec81d24496bbad171c74dfc965,0dc56f246ec14c92ba85a0239a5862d9,self-instance3,68828428-f4cd-46f1-9c1f-7d853852bc13,,4,deleted,8192
2020-09-16 04:03:53,2020-09-16 04:04:29,b2793dec81d24496bbad171c74dfc965,0dc56f246ec14c92ba85a0239a5862d9,self-instance1,8b4897b4-8e66-4b5e-b9d7-17421a819e82,,4,deleted,8192
2020-09-16 05:55:57,2020-09-16 05:56:29,b2793dec81d24496bbad171c74dfc965,0dc56f246ec14c92ba85a0239a5862d9,self-instance3,2f8ff471-0f61-407a-9d4f-c7b0357fbd64,,4,deleted,8192
2020-09-11 09:18:11,2020-09-11 09:23:28,b2793dec81d24496bbad171c74dfc965,0dc56f246ec14c92ba85a0239a5862d9,self-instance_2,a19a9727-19bd-4367-898a-af0ee73881f7,bchs69,1,deleted,64
2020-09-14 12:36:59,2020-09-16 04:04:31,b2793dec81d24496bbad171c74dfc965,0dc56f246ec14c92ba85a0239a5862d9,self-instance,3f6dca01-0a68-4aec-97a4-d9ef19f8c662,dual-d,4,deleted,8192
2020-09-16 04:46:15,2020-09-16 05:17:33,b2793dec81d24496bbad171c74dfc965,0dc56f246ec14c92ba85a0239a5862d9,self-instance3,b196ad53-3f65-47cb-bd32-bf03efed0137,,4,deleted,8192
2020-09-16 08:26:38,2020-09-16 08:38:52,b2793dec81d24496bbad171c74dfc965,0dc56f246ec14c92ba85a0239a5862d9,self-instance1,670a30cb-905c-48c0-abca-d70691e1152c,dual-a,4,deleted,8192
2020-09-11 09:18:02,2020-09-11 09:23:29,b2793dec81d24496bbad171c74dfc965,0dc56f246ec14c92ba85a0239a5862d9,self-instance_1,f201c3e3-cbdc-45d9-8cb7-42da35d4ba88,bchs70,1,deleted,64
2020-09-16 04:04:39,2020-09-16 04:06:20,b2793dec81d24496bbad171c74dfc965,0dc56f246ec14c92ba85a0239a5862d9,self-instance1,4482977b-f9f7-4eee-a49e-eeed13663322,dual-a,4,deleted,8192
2020-09-14 12:37:14,2020-09-14 12:37:50,b2793dec81d24496bbad171c74dfc965,0dc56f246ec14c92ba85a0239a5862d9,self-instance,31ed1be1-487b-49b1-a090-0b9c4e99ac34,,4,deleted,8192
2020-09-16 05:18:30,2020-09-16 05:38:47,b2793dec81d24496bbad171c74dfc965,0dc56f246ec14c92ba85a0239a5862d9,self-instance3,58755abe-48e1-4fc1-8f94-89cf0feac9d4,dual-c,4,deleted,8192
2020-06-17 06:47:47,2020-06-17 07:29:19,b2793dec81d24496bbad171c74dfc965,0dc56f246ec14c92ba85a0239a5862d9,k8s-cluster-vlwovohpq7fl-master-0,e3cb26e4-91dd-49c6-b1a5-c0a7c9d6e6c6,bchs65,2,deleted,2048
2020-07-13 04:37:20,2020-07-13 04:38:23,b2793dec81d24496bbad171c74dfc965,0dc56f246ec14c92ba85a0239a5862d9,test,4f20a8ea-756b-4e86-a063-9bd793f76112,bchs68,1,deleted,64
2020-06-18 04:42:47,2020-06-19 10:49:35,b2793dec81d24496bbad171c74dfc965,0dc56f246ec14c92ba85a0239a5862d9,k8s-cluster-v7dbavhvxhij-master-0,67a08692-36c0-40e1-9acd-cb2f6fc9962e,bchs65,2,deleted,2048
2020-06-17 06:33:35,2020-06-17 06:45:30,b2793dec81d24496bbad171c74dfc965,0dc56f246ec14c92ba85a0239a5862d9,k8s-cluster-qtiowr3ddyny-master-0,5cec469f-fb65-4cb8-aefd-f4234e926ab0,bchs65,2,deleted,2048
2020-07-01 04:33:49,2020-07-01 04:38:55,b2793dec81d24496bbad171c74dfc965,0dc56f246ec14c92ba85a0239a5862d9,provider-instance,1f8d5bcf-b722-4012-aa4d-f0524fdc8b82,bchs68,1,deleted,64
2020-06-17 07:32:01,2020-06-17 08:15:54,b2793dec81d24496bbad171c74dfc965,0dc56f246ec14c92ba85a0239a5862d9,k8s-cluster-i4rlta2rd5ja-minion-0,4f9b06f1-8665-4cf7-ac7b-36a1ec04455c,bchs65,2,deleted,2048
2020-06-17 06:48:30,2020-06-17 07:28:58,b2793dec81d24496bbad171c74dfc965,0dc56f246ec14c92ba85a0239a5862d9,k8s-cluster-vlwovohpq7fl-minion-0,eb20b53c-af89-4094-b400-058f043cb138,bchs65,2,deleted,2048
2020-06-18 04:43:31,2020-06-19 10:49:18,b2793dec81d24496bbad171c74dfc965,0dc56f246ec14c92ba85a0239a5862d9,k8s-cluster-v7dbavhvxhij-minion-0,7a83ed04-a203-45b1-9f9d-2ed45ef940af,bchs65,2,deleted,2048
2020-06-18 04:35:10,2020-06-18 04:40:52,b2793dec81d24496bbad171c74dfc965,0dc56f246ec14c92ba85a0239a5862d9,k8s-cluster-wc2uxtju5tgj-minion-1,6217cb38-5471-4add-8657-490b92c27c6e,bchs65,2,deleted,2048
2020-06-18 04:34:28,2020-06-18 04:41:13,b2793dec81d24496bbad171c74dfc965,0dc56f246ec14c92ba85a0239a5862d9,k8s-cluster-wc2uxtju5tgj-master-0,a0f7f0b2-401e-45e6-a8b3-734c9ea8728a,bchs65,2,deleted,2048
2020-06-17 07:31:18,2020-06-17 08:16:13,b2793dec81d24496bbad171c74dfc965,0dc56f246ec14c92ba85a0239a5862d9,k8s-cluster-i4rlta2rd5ja-master-0,2b009bfb-8e86-4dc0-9647-5757aabd2774,bchs65,2,deleted,2048
2020-06-17 10:54:30,2020-06-17 13:04:25,b2793dec81d24496bbad171c74dfc965,0dc56f246ec14c92ba85a0239a5862d9,k8s-cluster-lyifxaystfnp-minion-0,3c33b345-3315-4e80-ac90-fbb7797c236d,bchs65,2,deleted,2048
2020-06-17 08:21:25,2020-06-17 10:51:25,b2793dec81d24496bbad171c74dfc965,0dc56f246ec14c92ba85a0239a5862d9,k8s-cluster-nemx4on3g2wy-master-0,121ca894-1f19-421a-84ea-e55f01ed4eb8,bchs65,2,deleted,2048
2020-06-17 10:53:45,2020-06-17 13:04:45,b2793dec81d24496bbad171c74dfc965,0dc56f246ec14c92ba85a0239a5862d9,k8s-cluster-lyifxaystfnp-master-0,32673952-4386-4518-b24b-3668c280e0ea,bchs65,2,deleted,2048
2020-06-17 10:53:45,2020-06-17 13:04:45,b2793dec81d24496bbad171c74dfc965,0dc56f246ec14c92ba85a0239a5862d9,k8s-cluster-lyifxaystfnp-master-0,32673952-4386-4518-b24b-3668c280e0ea,bchs65,2,deleted,2048
2020-06-17 08:22:04,2020-06-17 10:51:08,b2793dec81d24496bbad171c74dfc965,0dc56f246ec14c92ba85a0239a5862d9,k8s-cluster-nemx4on3g2wy-minion-0,4ae5b912-23f2-4d35-b850-073e240eb110,bchs65,2,deleted,2048
2020-06-17 05:25:56,2020-06-17 05:27:14,b2793dec81d24496bbad171c74dfc965,0dc56f246ec14c92ba85a0239a5862d9,provider-instance,fba88b4f-66ba-4fdb-ba1d-a5e17f576e12,bchs65,1,deleted,64
2020-09-17 06:53:46,2020-09-17 07:08:30,b2793dec81d24496bbad171c74dfc965,0dc56f246ec14c92ba85a0239a5862d9,self-instance3,7726164c-a29d-4966-a614-50111763d17e,,4,deleted,8192
2020-09-17 06:53:46,2020-09-17 07:08:30,b2793dec81d24496bbad171c74dfc965,0dc56f246ec14c92ba85a0239a5862d9,self-instance3,7726164c-a29d-4966-a614-50111763d17e,,4,deleted,8192
2020-09-17 06:53:46,2020-09-17 07:08:30,b2793dec81d24496bbad171c74dfc965,0dc56f246ec14c92ba85a0239a5862d9,self-instance3,7726164c-a29d-4966-a614-50111763d17e,,4,deleted,8192