Sending Logstash logs to /usr/local/Cellar/logstash-full/7.9.2/libexec/logs which is now configured via log4j2.properties
[2020-09-27T17:43:35,440][INFO ][logstash.runner          ] Starting Logstash {"logstash.version"=>"7.9.2", "jruby.version"=>"jruby 9.2.13.0 (2.5.7) 2020-08-03 9a89c94bcc OpenJDK 64-Bit Server VM 25.265-b01 on 1.8.0_265-b01 +indy +jit [darwin-x86_64]"}
[2020-09-27T17:43:35,637][WARN ][logstash.config.source.multilocal] Ignoring the 'pipelines.yml' file because modules or command line options are specified
[2020-09-27T17:43:37,032][INFO ][org.reflections.Reflections] Reflections took 31 ms to scan 1 urls, producing 22 keys and 45 values 
[2020-09-27T17:43:37,734][INFO ][logstash.outputs.elasticsearch][main] Elasticsearch pool URLs updated {:changes=>{:removed=>[], :added=>[http://localhost:9200/]}}
[2020-09-27T17:43:37,978][WARN ][logstash.outputs.elasticsearch][main] Restored connection to ES instance {:url=>"http://localhost:9200/"}
[2020-09-27T17:43:38,023][INFO ][logstash.outputs.elasticsearch][main] ES Output version determined {:es_version=>7}
[2020-09-27T17:43:38,027][WARN ][logstash.outputs.elasticsearch][main] Detected a 6.x and above cluster: the `type` event field won't be used to determine the document _type {:es_version=>7}
[2020-09-27T17:43:38,068][INFO ][logstash.outputs.elasticsearch][main] New Elasticsearch output {:class=>"LogStash::Outputs::ElasticSearch", :hosts=>["http://localhost:9200"]}
[2020-09-27T17:43:38,123][INFO ][logstash.outputs.elasticsearch][main] Using a default mapping template {:es_version=>7, :ecs_compatibility=>:disabled}
[2020-09-27T17:43:38,174][INFO ][logstash.javapipeline    ][main] Starting pipeline {:pipeline_id=>"main", "pipeline.workers"=>16, "pipeline.batch.size"=>125, "pipeline.batch.delay"=>50, "pipeline.max_inflight"=>2000, "pipeline.sources"=>["/usr/local/etc/logstash/conf/logstash-sample.conf"], :thread=>"#<Thread:0x20433ae2 run>"}
[2020-09-27T17:43:38,197][INFO ][logstash.outputs.elasticsearch][main] Attempting to install template {:manage_template=>{"index_patterns"=>"logstash-*", "version"=>60001, "settings"=>{"index.refresh_interval"=>"5s", "number_of_shards"=>1}, "mappings"=>{"dynamic_templates"=>[{"message_field"=>{"path_match"=>"message", "match_mapping_type"=>"string", "mapping"=>{"type"=>"text", "norms"=>false}}}, {"string_fields"=>{"match"=>"*", "match_mapping_type"=>"string", "mapping"=>{"type"=>"text", "norms"=>false, "fields"=>{"keyword"=>{"type"=>"keyword", "ignore_above"=>256}}}}}], "properties"=>{"@timestamp"=>{"type"=>"date"}, "@version"=>{"type"=>"keyword"}, "geoip"=>{"dynamic"=>true, "properties"=>{"ip"=>{"type"=>"ip"}, "location"=>{"type"=>"geo_point"}, "latitude"=>{"type"=>"half_float"}, "longitude"=>{"type"=>"half_float"}}}}}}}
[2020-09-27T17:43:38,813][INFO ][logstash.javapipeline    ][main] Pipeline Java execution initialization time {"seconds"=>0.63}
[2020-09-27T17:43:38,831][INFO ][logstash.inputs.beats    ][main] Beats inputs: Starting input listener {:address=>"0.0.0.0:5044"}
[2020-09-27T17:43:38,845][INFO ][logstash.javapipeline    ][main] Pipeline started {"pipeline.id"=>"main"}
[2020-09-27T17:43:38,910][INFO ][logstash.agent           ] Pipelines running {:count=>1, :running_pipelines=>[:main], :non_running_pipelines=>[]}
[2020-09-27T17:43:38,928][INFO ][org.logstash.beats.Server][main][365713cc91c4cadb6bbf107f609c560c5a47b2d4d507243d2e8878a54f42f33a] Starting server on port: 5044
[2020-09-27T17:43:39,131][INFO ][logstash.agent           ] Successfully started Logstash API endpoint {:port=>9600}
Sending Logstash logs to /usr/local/Cellar/logstash-full/7.9.2/libexec/logs which is now configured via log4j2.properties
[2020-09-27T17:55:21,454][INFO ][logstash.runner          ] Starting Logstash {"logstash.version"=>"7.9.2", "jruby.version"=>"jruby 9.2.13.0 (2.5.7) 2020-08-03 9a89c94bcc OpenJDK 64-Bit Server VM 25.265-b01 on 1.8.0_265-b01 +indy +jit [darwin-x86_64]"}
[2020-09-27T17:55:21,637][WARN ][logstash.config.source.multilocal] Ignoring the 'pipelines.yml' file because modules or command line options are specified
[2020-09-27T17:55:22,995][INFO ][org.reflections.Reflections] Reflections took 30 ms to scan 1 urls, producing 22 keys and 45 values 
[2020-09-27T17:55:23,779][INFO ][logstash.outputs.elasticsearch][main] Elasticsearch pool URLs updated {:changes=>{:removed=>[], :added=>[http://localhost:9200/]}}
[2020-09-27T17:55:23,928][WARN ][logstash.outputs.elasticsearch][main] Restored connection to ES instance {:url=>"http://localhost:9200/"}
[2020-09-27T17:55:23,964][INFO ][logstash.outputs.elasticsearch][main] ES Output version determined {:es_version=>7}
[2020-09-27T17:55:23,967][WARN ][logstash.outputs.elasticsearch][main] Detected a 6.x and above cluster: the `type` event field won't be used to determine the document _type {:es_version=>7}
[2020-09-27T17:55:24,007][INFO ][logstash.outputs.elasticsearch][main] New Elasticsearch output {:class=>"LogStash::Outputs::ElasticSearch", :hosts=>["http://localhost:9200"]}
[2020-09-27T17:55:24,059][INFO ][logstash.outputs.elasticsearch][main] Using a default mapping template {:es_version=>7, :ecs_compatibility=>:disabled}
[2020-09-27T17:55:24,093][INFO ][logstash.javapipeline    ][main] Starting pipeline {:pipeline_id=>"main", "pipeline.workers"=>16, "pipeline.batch.size"=>125, "pipeline.batch.delay"=>50, "pipeline.max_inflight"=>2000, "pipeline.sources"=>["/usr/local/etc/logstash/conf/logstash-sample.conf"], :thread=>"#<Thread:0x293c013b run>"}
[2020-09-27T17:55:24,120][INFO ][logstash.outputs.elasticsearch][main] Attempting to install template {:manage_template=>{"index_patterns"=>"logstash-*", "version"=>60001, "settings"=>{"index.refresh_interval"=>"5s", "number_of_shards"=>1}, "mappings"=>{"dynamic_templates"=>[{"message_field"=>{"path_match"=>"message", "match_mapping_type"=>"string", "mapping"=>{"type"=>"text", "norms"=>false}}}, {"string_fields"=>{"match"=>"*", "match_mapping_type"=>"string", "mapping"=>{"type"=>"text", "norms"=>false, "fields"=>{"keyword"=>{"type"=>"keyword", "ignore_above"=>256}}}}}], "properties"=>{"@timestamp"=>{"type"=>"date"}, "@version"=>{"type"=>"keyword"}, "geoip"=>{"dynamic"=>true, "properties"=>{"ip"=>{"type"=>"ip"}, "location"=>{"type"=>"geo_point"}, "latitude"=>{"type"=>"half_float"}, "longitude"=>{"type"=>"half_float"}}}}}}}
[2020-09-27T17:55:24,720][INFO ][logstash.javapipeline    ][main] Pipeline Java execution initialization time {"seconds"=>0.62}
[2020-09-27T17:55:24,740][INFO ][logstash.inputs.beats    ][main] Beats inputs: Starting input listener {:address=>"0.0.0.0:5044"}
[2020-09-27T17:55:24,755][INFO ][logstash.javapipeline    ][main] Pipeline started {"pipeline.id"=>"main"}
[2020-09-27T17:55:24,840][INFO ][logstash.agent           ] Pipelines running {:count=>1, :running_pipelines=>[:main], :non_running_pipelines=>[]}
[2020-09-27T17:55:24,844][INFO ][org.logstash.beats.Server][main][365713cc91c4cadb6bbf107f609c560c5a47b2d4d507243d2e8878a54f42f33a] Starting server on port: 5044
[2020-09-27T17:55:25,041][INFO ][logstash.agent           ] Successfully started Logstash API endpoint {:port=>9600}
Sending Logstash logs to /usr/local/Cellar/logstash-full/7.9.2/libexec/logs which is now configured via log4j2.properties
[2020-09-29T08:55:31,071][INFO ][logstash.runner          ] Starting Logstash {"logstash.version"=>"7.9.2", "jruby.version"=>"jruby 9.2.13.0 (2.5.7) 2020-08-03 9a89c94bcc OpenJDK 64-Bit Server VM 25.265-b01 on 1.8.0_265-b01 +indy +jit [darwin-x86_64]"}
[2020-09-29T08:55:31,332][WARN ][logstash.config.source.multilocal] Ignoring the 'pipelines.yml' file because modules or command line options are specified
[2020-09-29T08:55:32,896][INFO ][org.reflections.Reflections] Reflections took 46 ms to scan 1 urls, producing 22 keys and 45 values 
[2020-09-29T08:55:33,628][INFO ][logstash.outputs.elasticsearch][main] Elasticsearch pool URLs updated {:changes=>{:removed=>[], :added=>[http://localhost:9200/]}}
[2020-09-29T08:55:33,801][WARN ][logstash.outputs.elasticsearch][main] Restored connection to ES instance {:url=>"http://localhost:9200/"}
[2020-09-29T08:55:33,841][INFO ][logstash.outputs.elasticsearch][main] ES Output version determined {:es_version=>7}
[2020-09-29T08:55:33,844][WARN ][logstash.outputs.elasticsearch][main] Detected a 6.x and above cluster: the `type` event field won't be used to determine the document _type {:es_version=>7}
[2020-09-29T08:55:33,901][INFO ][logstash.outputs.elasticsearch][main] New Elasticsearch output {:class=>"LogStash::Outputs::ElasticSearch", :hosts=>["http://localhost:9200"]}
[2020-09-29T08:55:33,964][INFO ][logstash.outputs.elasticsearch][main] Using a default mapping template {:es_version=>7, :ecs_compatibility=>:disabled}
[2020-09-29T08:55:34,010][INFO ][logstash.javapipeline    ][main] Starting pipeline {:pipeline_id=>"main", "pipeline.workers"=>16, "pipeline.batch.size"=>125, "pipeline.batch.delay"=>50, "pipeline.max_inflight"=>2000, "pipeline.sources"=>["/usr/local/etc/logstash/conf/logstash-sample.conf"], :thread=>"#<Thread:0x45b2ecf1 run>"}
[2020-09-29T08:55:34,055][INFO ][logstash.outputs.elasticsearch][main] Attempting to install template {:manage_template=>{"index_patterns"=>"logstash-*", "version"=>60001, "settings"=>{"index.refresh_interval"=>"5s", "number_of_shards"=>1}, "mappings"=>{"dynamic_templates"=>[{"message_field"=>{"path_match"=>"message", "match_mapping_type"=>"string", "mapping"=>{"type"=>"text", "norms"=>false}}}, {"string_fields"=>{"match"=>"*", "match_mapping_type"=>"string", "mapping"=>{"type"=>"text", "norms"=>false, "fields"=>{"keyword"=>{"type"=>"keyword", "ignore_above"=>256}}}}}], "properties"=>{"@timestamp"=>{"type"=>"date"}, "@version"=>{"type"=>"keyword"}, "geoip"=>{"dynamic"=>true, "properties"=>{"ip"=>{"type"=>"ip"}, "location"=>{"type"=>"geo_point"}, "latitude"=>{"type"=>"half_float"}, "longitude"=>{"type"=>"half_float"}}}}}}}
[2020-09-29T08:55:34,835][INFO ][logstash.javapipeline    ][main] Pipeline Java execution initialization time {"seconds"=>0.82}
[2020-09-29T08:55:34,860][INFO ][logstash.inputs.beats    ][main] Beats inputs: Starting input listener {:address=>"0.0.0.0:5044"}
[2020-09-29T08:55:34,881][INFO ][logstash.javapipeline    ][main] Pipeline started {"pipeline.id"=>"main"}
[2020-09-29T08:55:34,986][INFO ][logstash.agent           ] Pipelines running {:count=>1, :running_pipelines=>[:main], :non_running_pipelines=>[]}
[2020-09-29T08:55:35,002][INFO ][org.logstash.beats.Server][main][365713cc91c4cadb6bbf107f609c560c5a47b2d4d507243d2e8878a54f42f33a] Starting server on port: 5044
[2020-09-29T08:55:35,228][INFO ][logstash.agent           ] Successfully started Logstash API endpoint {:port=>9600}
Sending Logstash logs to /usr/local/Cellar/logstash-full/7.9.2/libexec/logs which is now configured via log4j2.properties
[2020-09-29T10:41:00,668][INFO ][logstash.runner          ] Starting Logstash {"logstash.version"=>"7.9.2", "jruby.version"=>"jruby 9.2.13.0 (2.5.7) 2020-08-03 9a89c94bcc OpenJDK 64-Bit Server VM 25.265-b01 on 1.8.0_265-b01 +indy +jit [darwin-x86_64]"}
[2020-09-29T10:41:00,862][WARN ][logstash.config.source.multilocal] Ignoring the 'pipelines.yml' file because modules or command line options are specified
[2020-09-29T10:41:02,296][INFO ][org.reflections.Reflections] Reflections took 35 ms to scan 1 urls, producing 22 keys and 45 values 
[2020-09-29T10:41:03,015][INFO ][logstash.outputs.elasticsearch][main] Elasticsearch pool URLs updated {:changes=>{:removed=>[], :added=>[http://localhost:9200/]}}
[2020-09-29T10:41:03,217][WARN ][logstash.outputs.elasticsearch][main] Restored connection to ES instance {:url=>"http://localhost:9200/"}
[2020-09-29T10:41:03,256][INFO ][logstash.outputs.elasticsearch][main] ES Output version determined {:es_version=>7}
[2020-09-29T10:41:03,260][WARN ][logstash.outputs.elasticsearch][main] Detected a 6.x and above cluster: the `type` event field won't be used to determine the document _type {:es_version=>7}
[2020-09-29T10:41:03,317][INFO ][logstash.outputs.elasticsearch][main] New Elasticsearch output {:class=>"LogStash::Outputs::ElasticSearch", :hosts=>["http://localhost:9200"]}
[2020-09-29T10:41:03,370][INFO ][logstash.outputs.elasticsearch][main] Using a default mapping template {:es_version=>7, :ecs_compatibility=>:disabled}
[2020-09-29T10:41:03,405][INFO ][logstash.javapipeline    ][main] Starting pipeline {:pipeline_id=>"main", "pipeline.workers"=>16, "pipeline.batch.size"=>125, "pipeline.batch.delay"=>50, "pipeline.max_inflight"=>2000, "pipeline.sources"=>["/usr/local/etc/logstash/conf/logstash-sample.conf"], :thread=>"#<Thread:0x5296d050 run>"}
[2020-09-29T10:41:03,439][INFO ][logstash.outputs.elasticsearch][main] Attempting to install template {:manage_template=>{"index_patterns"=>"logstash-*", "version"=>60001, "settings"=>{"index.refresh_interval"=>"5s", "number_of_shards"=>1}, "mappings"=>{"dynamic_templates"=>[{"message_field"=>{"path_match"=>"message", "match_mapping_type"=>"string", "mapping"=>{"type"=>"text", "norms"=>false}}}, {"string_fields"=>{"match"=>"*", "match_mapping_type"=>"string", "mapping"=>{"type"=>"text", "norms"=>false, "fields"=>{"keyword"=>{"type"=>"keyword", "ignore_above"=>256}}}}}], "properties"=>{"@timestamp"=>{"type"=>"date"}, "@version"=>{"type"=>"keyword"}, "geoip"=>{"dynamic"=>true, "properties"=>{"ip"=>{"type"=>"ip"}, "location"=>{"type"=>"geo_point"}, "latitude"=>{"type"=>"half_float"}, "longitude"=>{"type"=>"half_float"}}}}}}}
[2020-09-29T10:41:04,041][INFO ][logstash.javapipeline    ][main] Pipeline Java execution initialization time {"seconds"=>0.63}
[2020-09-29T10:41:04,061][INFO ][logstash.inputs.beats    ][main] Beats inputs: Starting input listener {:address=>"0.0.0.0:5044"}
[2020-09-29T10:41:04,080][INFO ][logstash.javapipeline    ][main] Pipeline started {"pipeline.id"=>"main"}
[2020-09-29T10:41:04,173][INFO ][logstash.agent           ] Pipelines running {:count=>1, :running_pipelines=>[:main], :non_running_pipelines=>[]}
[2020-09-29T10:41:04,182][INFO ][org.logstash.beats.Server][main][365713cc91c4cadb6bbf107f609c560c5a47b2d4d507243d2e8878a54f42f33a] Starting server on port: 5044
[2020-09-29T10:41:04,403][INFO ][logstash.agent           ] Successfully started Logstash API endpoint {:port=>9600}
Sending Logstash logs to /usr/local/Cellar/logstash-full/7.9.2/libexec/logs which is now configured via log4j2.properties
[2020-09-29T10:41:18,361][INFO ][logstash.runner          ] Starting Logstash {"logstash.version"=>"7.9.2", "jruby.version"=>"jruby 9.2.13.0 (2.5.7) 2020-08-03 9a89c94bcc OpenJDK 64-Bit Server VM 25.265-b01 on 1.8.0_265-b01 +indy +jit [darwin-x86_64]"}
[2020-09-29T10:41:18,539][WARN ][logstash.config.source.multilocal] Ignoring the 'pipelines.yml' file because modules or command line options are specified
[2020-09-29T10:41:18,549][FATAL][logstash.runner          ] Logstash could not be started because there is already another instance using the configured data directory.  If you wish to run multiple instances, you must change the "path.data" setting.
[2020-09-29T10:41:18,553][ERROR][org.logstash.Logstash    ] java.lang.IllegalStateException: Logstash stopped processing because of an error: (SystemExit) exit
Sending Logstash logs to /usr/local/Cellar/logstash-full/7.9.2/libexec/logs which is now configured via log4j2.properties
[2020-09-29T12:16:02,712][INFO ][logstash.runner          ] Starting Logstash {"logstash.version"=>"7.9.2", "jruby.version"=>"jruby 9.2.13.0 (2.5.7) 2020-08-03 9a89c94bcc OpenJDK 64-Bit Server VM 25.265-b01 on 1.8.0_265-b01 +indy +jit [darwin-x86_64]"}
[2020-09-29T12:16:02,920][WARN ][logstash.config.source.multilocal] Ignoring the 'pipelines.yml' file because modules or command line options are specified
[2020-09-29T12:16:04,377][INFO ][org.reflections.Reflections] Reflections took 35 ms to scan 1 urls, producing 22 keys and 45 values 
[2020-09-29T12:16:05,050][INFO ][logstash.outputs.elasticsearch][main] Elasticsearch pool URLs updated {:changes=>{:removed=>[], :added=>[http://localhost:9200/]}}
[2020-09-29T12:16:05,205][WARN ][logstash.outputs.elasticsearch][main] Restored connection to ES instance {:url=>"http://localhost:9200/"}
[2020-09-29T12:16:05,246][INFO ][logstash.outputs.elasticsearch][main] ES Output version determined {:es_version=>7}
[2020-09-29T12:16:05,249][WARN ][logstash.outputs.elasticsearch][main] Detected a 6.x and above cluster: the `type` event field won't be used to determine the document _type {:es_version=>7}
[2020-09-29T12:16:05,298][INFO ][logstash.outputs.elasticsearch][main] New Elasticsearch output {:class=>"LogStash::Outputs::ElasticSearch", :hosts=>["http://localhost:9200"]}
[2020-09-29T12:16:05,350][INFO ][logstash.outputs.elasticsearch][main] Using a default mapping template {:es_version=>7, :ecs_compatibility=>:disabled}
[2020-09-29T12:16:05,382][INFO ][logstash.javapipeline    ][main] Starting pipeline {:pipeline_id=>"main", "pipeline.workers"=>16, "pipeline.batch.size"=>125, "pipeline.batch.delay"=>50, "pipeline.max_inflight"=>2000, "pipeline.sources"=>["/usr/local/etc/logstash/conf/logstash-sample.conf"], :thread=>"#<Thread:0x632e0763 run>"}
[2020-09-29T12:16:05,414][INFO ][logstash.outputs.elasticsearch][main] Attempting to install template {:manage_template=>{"index_patterns"=>"logstash-*", "version"=>60001, "settings"=>{"index.refresh_interval"=>"5s", "number_of_shards"=>1}, "mappings"=>{"dynamic_templates"=>[{"message_field"=>{"path_match"=>"message", "match_mapping_type"=>"string", "mapping"=>{"type"=>"text", "norms"=>false}}}, {"string_fields"=>{"match"=>"*", "match_mapping_type"=>"string", "mapping"=>{"type"=>"text", "norms"=>false, "fields"=>{"keyword"=>{"type"=>"keyword", "ignore_above"=>256}}}}}], "properties"=>{"@timestamp"=>{"type"=>"date"}, "@version"=>{"type"=>"keyword"}, "geoip"=>{"dynamic"=>true, "properties"=>{"ip"=>{"type"=>"ip"}, "location"=>{"type"=>"geo_point"}, "latitude"=>{"type"=>"half_float"}, "longitude"=>{"type"=>"half_float"}}}}}}}
[2020-09-29T12:16:06,104][INFO ][logstash.javapipeline    ][main] Pipeline Java execution initialization time {"seconds"=>0.72}
[2020-09-29T12:16:06,123][INFO ][logstash.inputs.beats    ][main] Beats inputs: Starting input listener {:address=>"0.0.0.0:5044"}
[2020-09-29T12:16:06,141][INFO ][logstash.javapipeline    ][main] Pipeline started {"pipeline.id"=>"main"}
[2020-09-29T12:16:06,220][INFO ][logstash.agent           ] Pipelines running {:count=>1, :running_pipelines=>[:main], :non_running_pipelines=>[]}
[2020-09-29T12:16:06,238][INFO ][org.logstash.beats.Server][main][365713cc91c4cadb6bbf107f609c560c5a47b2d4d507243d2e8878a54f42f33a] Starting server on port: 5044
[2020-09-29T12:16:06,434][INFO ][logstash.agent           ] Successfully started Logstash API endpoint {:port=>9600}
Sending Logstash logs to /usr/local/Cellar/logstash-full/7.9.2/libexec/logs which is now configured via log4j2.properties
[2020-09-29T12:19:17,671][INFO ][logstash.runner          ] Starting Logstash {"logstash.version"=>"7.9.2", "jruby.version"=>"jruby 9.2.13.0 (2.5.7) 2020-08-03 9a89c94bcc OpenJDK 64-Bit Server VM 25.265-b01 on 1.8.0_265-b01 +indy +jit [darwin-x86_64]"}
[2020-09-29T12:19:17,859][WARN ][logstash.config.source.multilocal] Ignoring the 'pipelines.yml' file because modules or command line options are specified
[2020-09-29T12:19:19,186][INFO ][org.reflections.Reflections] Reflections took 30 ms to scan 1 urls, producing 22 keys and 45 values 
[2020-09-29T12:19:19,824][INFO ][logstash.outputs.elasticsearch][main] Elasticsearch pool URLs updated {:changes=>{:removed=>[], :added=>[http://localhost:9200/]}}
[2020-09-29T12:19:19,968][WARN ][logstash.outputs.elasticsearch][main] Restored connection to ES instance {:url=>"http://localhost:9200/"}
[2020-09-29T12:19:20,003][INFO ][logstash.outputs.elasticsearch][main] ES Output version determined {:es_version=>7}
[2020-09-29T12:19:20,006][WARN ][logstash.outputs.elasticsearch][main] Detected a 6.x and above cluster: the `type` event field won't be used to determine the document _type {:es_version=>7}
[2020-09-29T12:19:20,043][INFO ][logstash.outputs.elasticsearch][main] New Elasticsearch output {:class=>"LogStash::Outputs::ElasticSearch", :hosts=>["http://localhost:9200"]}
[2020-09-29T12:19:20,088][INFO ][logstash.outputs.elasticsearch][main] Using a default mapping template {:es_version=>7, :ecs_compatibility=>:disabled}
[2020-09-29T12:19:20,127][INFO ][logstash.javapipeline    ][main] Starting pipeline {:pipeline_id=>"main", "pipeline.workers"=>16, "pipeline.batch.size"=>125, "pipeline.batch.delay"=>50, "pipeline.max_inflight"=>2000, "pipeline.sources"=>["/usr/local/etc/logstash/conf/logstash-sample.conf"], :thread=>"#<Thread:0x6b673c3f run>"}
[2020-09-29T12:19:20,156][INFO ][logstash.outputs.elasticsearch][main] Attempting to install template {:manage_template=>{"index_patterns"=>"logstash-*", "version"=>60001, "settings"=>{"index.refresh_interval"=>"5s", "number_of_shards"=>1}, "mappings"=>{"dynamic_templates"=>[{"message_field"=>{"path_match"=>"message", "match_mapping_type"=>"string", "mapping"=>{"type"=>"text", "norms"=>false}}}, {"string_fields"=>{"match"=>"*", "match_mapping_type"=>"string", "mapping"=>{"type"=>"text", "norms"=>false, "fields"=>{"keyword"=>{"type"=>"keyword", "ignore_above"=>256}}}}}], "properties"=>{"@timestamp"=>{"type"=>"date"}, "@version"=>{"type"=>"keyword"}, "geoip"=>{"dynamic"=>true, "properties"=>{"ip"=>{"type"=>"ip"}, "location"=>{"type"=>"geo_point"}, "latitude"=>{"type"=>"half_float"}, "longitude"=>{"type"=>"half_float"}}}}}}}
[2020-09-29T12:19:20,761][INFO ][logstash.javapipeline    ][main] Pipeline Java execution initialization time {"seconds"=>0.63}
[2020-09-29T12:19:20,781][INFO ][logstash.inputs.beats    ][main] Beats inputs: Starting input listener {:address=>"0.0.0.0:5044"}
[2020-09-29T12:19:20,796][INFO ][logstash.javapipeline    ][main] Pipeline started {"pipeline.id"=>"main"}
[2020-09-29T12:19:20,862][INFO ][logstash.agent           ] Pipelines running {:count=>1, :running_pipelines=>[:main], :non_running_pipelines=>[]}
[2020-09-29T12:19:20,877][INFO ][org.logstash.beats.Server][main][365713cc91c4cadb6bbf107f609c560c5a47b2d4d507243d2e8878a54f42f33a] Starting server on port: 5044
[2020-09-29T12:19:21,067][INFO ][logstash.agent           ] Successfully started Logstash API endpoint {:port=>9600}
Sending Logstash logs to /usr/local/Cellar/logstash-full/7.9.2/libexec/logs which is now configured via log4j2.properties
[2020-09-29T12:19:56,979][INFO ][logstash.runner          ] Starting Logstash {"logstash.version"=>"7.9.2", "jruby.version"=>"jruby 9.2.13.0 (2.5.7) 2020-08-03 9a89c94bcc OpenJDK 64-Bit Server VM 25.265-b01 on 1.8.0_265-b01 +indy +jit [darwin-x86_64]"}
[2020-09-29T12:19:57,174][WARN ][logstash.config.source.multilocal] Ignoring the 'pipelines.yml' file because modules or command line options are specified
[2020-09-29T12:19:58,589][INFO ][org.reflections.Reflections] Reflections took 30 ms to scan 1 urls, producing 22 keys and 45 values 
[2020-09-29T12:19:59,243][INFO ][logstash.outputs.elasticsearch][main] Elasticsearch pool URLs updated {:changes=>{:removed=>[], :added=>[http://localhost:9200/]}}
[2020-09-29T12:19:59,436][WARN ][logstash.outputs.elasticsearch][main] Restored connection to ES instance {:url=>"http://localhost:9200/"}
[2020-09-29T12:19:59,473][INFO ][logstash.outputs.elasticsearch][main] ES Output version determined {:es_version=>7}
[2020-09-29T12:19:59,476][WARN ][logstash.outputs.elasticsearch][main] Detected a 6.x and above cluster: the `type` event field won't be used to determine the document _type {:es_version=>7}
[2020-09-29T12:19:59,523][INFO ][logstash.outputs.elasticsearch][main] New Elasticsearch output {:class=>"LogStash::Outputs::ElasticSearch", :hosts=>["http://localhost:9200"]}
[2020-09-29T12:19:59,564][INFO ][logstash.outputs.elasticsearch][main] Using a default mapping template {:es_version=>7, :ecs_compatibility=>:disabled}
[2020-09-29T12:19:59,602][INFO ][logstash.javapipeline    ][main] Starting pipeline {:pipeline_id=>"main", "pipeline.workers"=>16, "pipeline.batch.size"=>125, "pipeline.batch.delay"=>50, "pipeline.max_inflight"=>2000, "pipeline.sources"=>["/usr/local/etc/logstash/conf/logstash-sample.conf"], :thread=>"#<Thread:0x64441c98 run>"}
[2020-09-29T12:19:59,629][INFO ][logstash.outputs.elasticsearch][main] Attempting to install template {:manage_template=>{"index_patterns"=>"logstash-*", "version"=>60001, "settings"=>{"index.refresh_interval"=>"5s", "number_of_shards"=>1}, "mappings"=>{"dynamic_templates"=>[{"message_field"=>{"path_match"=>"message", "match_mapping_type"=>"string", "mapping"=>{"type"=>"text", "norms"=>false}}}, {"string_fields"=>{"match"=>"*", "match_mapping_type"=>"string", "mapping"=>{"type"=>"text", "norms"=>false, "fields"=>{"keyword"=>{"type"=>"keyword", "ignore_above"=>256}}}}}], "properties"=>{"@timestamp"=>{"type"=>"date"}, "@version"=>{"type"=>"keyword"}, "geoip"=>{"dynamic"=>true, "properties"=>{"ip"=>{"type"=>"ip"}, "location"=>{"type"=>"geo_point"}, "latitude"=>{"type"=>"half_float"}, "longitude"=>{"type"=>"half_float"}}}}}}}
[2020-09-29T12:20:00,213][INFO ][logstash.javapipeline    ][main] Pipeline Java execution initialization time {"seconds"=>0.61}
[2020-09-29T12:20:00,233][INFO ][logstash.inputs.beats    ][main] Beats inputs: Starting input listener {:address=>"0.0.0.0:5044"}
[2020-09-29T12:20:00,247][INFO ][logstash.javapipeline    ][main] Pipeline started {"pipeline.id"=>"main"}
[2020-09-29T12:20:00,321][INFO ][logstash.agent           ] Pipelines running {:count=>1, :running_pipelines=>[:main], :non_running_pipelines=>[]}
[2020-09-29T12:20:00,325][INFO ][org.logstash.beats.Server][main][365713cc91c4cadb6bbf107f609c560c5a47b2d4d507243d2e8878a54f42f33a] Starting server on port: 5044
[2020-09-29T12:20:00,525][INFO ][logstash.agent           ] Successfully started Logstash API endpoint {:port=>9600}
Sending Logstash logs to /usr/local/Cellar/logstash-full/7.9.2/libexec/logs which is now configured via log4j2.properties
[2020-10-01T14:22:19,553][INFO ][logstash.runner          ] Starting Logstash {"logstash.version"=>"7.9.2", "jruby.version"=>"jruby 9.2.13.0 (2.5.7) 2020-08-03 9a89c94bcc OpenJDK 64-Bit Server VM 25.265-b01 on 1.8.0_265-b01 +indy +jit [darwin-x86_64]"}
[2020-10-01T14:22:19,788][WARN ][logstash.config.source.multilocal] Ignoring the 'pipelines.yml' file because modules or command line options are specified
[2020-10-01T14:22:21,247][INFO ][org.reflections.Reflections] Reflections took 49 ms to scan 1 urls, producing 22 keys and 45 values 
[2020-10-01T14:22:21,962][INFO ][logstash.outputs.elasticsearch][main] Elasticsearch pool URLs updated {:changes=>{:removed=>[], :added=>[http://localhost:9200/]}}
[2020-10-01T14:22:22,161][WARN ][logstash.outputs.elasticsearch][main] Restored connection to ES instance {:url=>"http://localhost:9200/"}
[2020-10-01T14:22:22,226][INFO ][logstash.outputs.elasticsearch][main] ES Output version determined {:es_version=>7}
[2020-10-01T14:22:22,230][WARN ][logstash.outputs.elasticsearch][main] Detected a 6.x and above cluster: the `type` event field won't be used to determine the document _type {:es_version=>7}
[2020-10-01T14:22:22,272][INFO ][logstash.outputs.elasticsearch][main] New Elasticsearch output {:class=>"LogStash::Outputs::ElasticSearch", :hosts=>["http://localhost:9200"]}
[2020-10-01T14:22:22,319][INFO ][logstash.outputs.elasticsearch][main] Using a default mapping template {:es_version=>7, :ecs_compatibility=>:disabled}
[2020-10-01T14:22:22,360][INFO ][logstash.javapipeline    ][main] Starting pipeline {:pipeline_id=>"main", "pipeline.workers"=>16, "pipeline.batch.size"=>125, "pipeline.batch.delay"=>50, "pipeline.max_inflight"=>2000, "pipeline.sources"=>["/usr/local/etc/logstash/conf/logstash-sample.conf"], :thread=>"#<Thread:0x1d183ef0 run>"}
[2020-10-01T14:22:22,390][INFO ][logstash.outputs.elasticsearch][main] Attempting to install template {:manage_template=>{"index_patterns"=>"logstash-*", "version"=>60001, "settings"=>{"index.refresh_interval"=>"5s", "number_of_shards"=>1}, "mappings"=>{"dynamic_templates"=>[{"message_field"=>{"path_match"=>"message", "match_mapping_type"=>"string", "mapping"=>{"type"=>"text", "norms"=>false}}}, {"string_fields"=>{"match"=>"*", "match_mapping_type"=>"string", "mapping"=>{"type"=>"text", "norms"=>false, "fields"=>{"keyword"=>{"type"=>"keyword", "ignore_above"=>256}}}}}], "properties"=>{"@timestamp"=>{"type"=>"date"}, "@version"=>{"type"=>"keyword"}, "geoip"=>{"dynamic"=>true, "properties"=>{"ip"=>{"type"=>"ip"}, "location"=>{"type"=>"geo_point"}, "latitude"=>{"type"=>"half_float"}, "longitude"=>{"type"=>"half_float"}}}}}}}
[2020-10-01T14:22:23,097][INFO ][logstash.javapipeline    ][main] Pipeline Java execution initialization time {"seconds"=>0.73}
[2020-10-01T14:22:23,114][INFO ][logstash.inputs.beats    ][main] Beats inputs: Starting input listener {:address=>"0.0.0.0:5044"}
[2020-10-01T14:22:23,133][INFO ][logstash.javapipeline    ][main] Pipeline started {"pipeline.id"=>"main"}
[2020-10-01T14:22:23,217][INFO ][logstash.agent           ] Pipelines running {:count=>1, :running_pipelines=>[:main], :non_running_pipelines=>[]}
[2020-10-01T14:22:23,235][INFO ][org.logstash.beats.Server][main][365713cc91c4cadb6bbf107f609c560c5a47b2d4d507243d2e8878a54f42f33a] Starting server on port: 5044
[2020-10-01T14:22:23,454][INFO ][logstash.agent           ] Successfully started Logstash API endpoint {:port=>9600}
